  main.cpp
C:\Users\Abel\Desktop\IA_LABO\lA_LABO2020\TIC-TOE\main.cpp(4,11): warning C4244: 'inicializando': conversión de 'float' a 'int'; posible pérdida de datos
C:\Users\Abel\Desktop\IA_LABO\lA_LABO2020\TIC-TOE\main.cpp(5,12): warning C4244: 'inicializando': conversión de 'float' a 'int'; posible pérdida de datos
C:\Users\Abel\Desktop\IA_LABO\lA_LABO2020\TIC-TOE\main.cpp(118,29): warning C4244: 'argumento': conversión de 'float' a 'GLubyte'; posible pérdida de datos
C:\Users\Abel\Desktop\IA_LABO\lA_LABO2020\TIC-TOE\main.cpp(118,18): warning C4244: 'argumento': conversión de 'float' a 'GLubyte'; posible pérdida de datos
C:\Users\Abel\Desktop\IA_LABO\lA_LABO2020\TIC-TOE\main.cpp(139,32): warning C4244: 'argumento': conversión de 'float' a 'GLubyte'; posible pérdida de datos
C:\Users\Abel\Desktop\IA_LABO\lA_LABO2020\TIC-TOE\main.cpp(139,21): warning C4244: 'argumento': conversión de 'float' a 'GLubyte'; posible pérdida de datos
C:\Users\Abel\Desktop\IA_LABO\lA_LABO2020\TIC-TOE\main.cpp(139,15): warning C4244: 'argumento': conversión de 'float' a 'GLubyte'; posible pérdida de datos
C:\Users\Abel\Desktop\IA_LABO\lA_LABO2020\TIC-TOE\main.cpp(143,32): warning C4244: 'argumento': conversión de 'float' a 'GLubyte'; posible pérdida de datos
C:\Users\Abel\Desktop\IA_LABO\lA_LABO2020\TIC-TOE\main.cpp(143,26): warning C4244: 'argumento': conversión de 'float' a 'GLubyte'; posible pérdida de datos
C:\Users\Abel\Desktop\IA_LABO\lA_LABO2020\TIC-TOE\main.cpp(143,20): warning C4244: 'argumento': conversión de 'float' a 'GLubyte'; posible pérdida de datos
C:\Users\Abel\Desktop\IA_LABO\lA_LABO2020\TIC-TOE\main.cpp(114,15): warning C4101: 'i': variable local sin referencia
C:\Users\Abel\Desktop\IA_LABO\lA_LABO2020\TIC-TOE\main.cpp(272,2): warning C4065: la instrucción switch contiene etiquetas 'default' pero no etiquetas 'case'
  Generando código
C:\Users\Abel\Desktop\IA_LABO\lA_LABO2020\TIC-TOE\main.cpp(98): warning C4715: 'getGoodMove': no todas las rutas de acceso de control devuelven un valor
  257 of 264 functions (97.3%) were compiled, the rest were copied from previous compilation.
    6 functions were new in current compilation
    1 functions had inline decision re-evaluated but remain unchanged
  Generación de código finalizada
  Busqueda.vcxproj -> C:\Users\Abel\Desktop\IA_LABO\lA_LABO2020\TIC-TOE\Release\Busqueda.exe
